[00:01:55] [Server thread/INFO]: kanekasotaku has made the advancement [The End?]
[00:07:37] [Server thread/WARN]: elguatavo7u7159 moved wrongly!
[00:07:42] [Server thread/WARN]: elguatavo7u7159 moved wrongly!
[00:09:10] [Async Chat Thread - #18/INFO]: [Not Secure] <MrCreeper1> zzz
[00:18:02] [Async Chat Thread - #20/INFO]: [Not Secure] <elguatavo7u7159> caca
[00:18:15] [Async Chat Thread - #20/INFO]: [Not Secure] <MrCreeper1> 7xray desactivated
[00:23:28] [Server thread/INFO]: _TaeV_ lost connection: Disconnected
[00:23:28] [Server thread/INFO]: _TaeV_ left the game
[00:23:32] [User Authenticator #12/INFO]: UUID of player _TaeV_ is 895f9bd5-5573-3693-a081-493db59ea955
[00:23:33] [Server thread/INFO]: _TaeV_ joined the game
[00:23:33] [Server thread/INFO]: _TaeV_[/127.151.148.217:36865] logged in with entity id 68917 at ([world]2852.791871698417, 37.125, 3042.2795471119666)
[00:25:37] [User Authenticator #13/INFO]: UUID of player kanekasotaku is a5a1ae33-1829-3f1d-b6a1-413808b2dbae
[00:25:38] [Server thread/INFO]: kanekasotaku lost connection: You logged in from another location
[00:25:38] [Server thread/INFO]: kanekasotaku left the game
[00:25:40] [Server thread/INFO]: kanekasotaku joined the game
[00:25:40] [Server thread/INFO]: kanekasotaku[/127.146.202.33:56661] logged in with entity id 70225 at ([world_the_end]274.01110169876193, 1.0, 31.598484078434343)
[00:31:47] [Server thread/INFO]: MrCreeper1 issued server command: /seed
[00:31:51] [Async Chat Thread - #22/INFO]: [Not Secure] <MrCreeper1> 7seed
[00:40:24] [Server thread/INFO]: Villager Villager['Librarian'/344, uuid='186f5a99-3648-4189-a59e-e97a07cbca85', l='ServerLevel[world]', x=2477.50, y=89.00, z=2948.70, cpos=[154, 184], tl=2921622, v=true] died, message: 'Librarian was slain by Zombie'
[00:57:41] [Server thread/WARN]: kanekasotaku moved wrongly!
[01:07:41] [User Authenticator #14/INFO]: UUID of player mechajuan3 is 727da8e3-3bdf-3984-b365-8c5feeeb5d7a
[01:07:48] [Server thread/INFO]: mechajuan3 joined the game
[01:07:48] [Server thread/INFO]: mechajuan3[/127.241.198.181:41811] logged in with entity id 105026 at ([world]2836.300000011921, 38.875, 3039.025380463477)
[01:08:08] [Async Chat Thread - #24/INFO]: [Not Secure] <mechajuan3> oye bro respeta
[01:08:14] [Server thread/INFO]: MrCreeper1 lost connection: Disconnected
[01:08:14] [Server thread/INFO]: MrCreeper1 left the game
[01:08:29] [User Authenticator #14/INFO]: UUID of player MrCreeper1 is 2a711b43-12fd-3fa1-b396-372db0034d95
[01:08:31] [Server thread/INFO]: MrCreeper1 joined the game
[01:08:32] [Server thread/INFO]: MrCreeper1[/127.71.79.128:37029] logged in with entity id 105384 at ([world]2504.4613040505415, 89.0, 3006.773224973693)
[01:08:34] [Server thread/INFO]: mechajuan3 lost connection: Disconnected
[01:08:34] [Server thread/INFO]: mechajuan3 left the game
[01:08:42] [User Authenticator #14/INFO]: UUID of player mechajuan3 is 727da8e3-3bdf-3984-b365-8c5feeeb5d7a
[01:08:44] [Server thread/INFO]: mechajuan3 joined the game
[01:08:44] [Server thread/INFO]: mechajuan3[/127.241.198.181:48891] logged in with entity id 105450 at ([world]2837.237500011921, 38.0, 3038.401177067076)
[01:21:49] [Server thread/INFO]: MrCreeper1 lost connection: Timed out
[01:21:49] [Server thread/INFO]: MrCreeper1 left the game
[01:22:12] [User Authenticator #15/INFO]: UUID of player MrCreeper1 is 2a711b43-12fd-3fa1-b396-372db0034d95
[01:22:14] [Server thread/INFO]: MrCreeper1 joined the game
[01:22:14] [Server thread/INFO]: MrCreeper1[/127.71.79.128:46649] logged in with entity id 112982 at ([world]2489.5433286898383, 89.24813599859094, 2994.7876293858435)
[01:26:47] [Server thread/INFO]: _TaeV_ lost connection: Disconnected
[01:26:47] [Server thread/INFO]: _TaeV_ left the game
[01:27:11] [Server thread/INFO]: MrCreeper1 has made the advancement [Eye Spy]
[01:27:22] [Server thread/INFO]: MrCreeper1 has made the advancement [The End?]
